Su-02-2023	20:49:50 ------- /api/v1/------GET------Resource not found
Su-02-2023	20:49:51 ------- /api/v1/------GET------Resource not found
Su-02-2023	20:49:52 ------- /api/v1/------GET------Resource not found
Mo-02-2023	06:44:06 ------- /socket.io/?EIO=4&transport=polling&t=OPi4392------GET------Resource not found
Mo-02-2023	06:44:06 ------- /socket.io/?EIO=4&transport=polling&t=OPi4395------GET------Resource not found
Mo-02-2023	06:44:07 ------- /socket.io/?EIO=4&transport=polling&t=OPi43Od------GET------Resource not found
Mo-02-2023	06:44:08 ------- /socket.io/?EIO=4&transport=polling&t=OPi43eC------GET------Resource not found
Mo-02-2023	06:44:10 ------- /socket.io/?EIO=4&transport=polling&t=OPi447W------GET------Resource not found
Mo-02-2023	06:44:10 ------- /socket.io/?EIO=4&transport=polling&t=OPi447Z------GET------Resource not found
Mo-02-2023	06:44:13 ------- /socket.io/?EIO=4&transport=polling&t=OPi44sO------GET------Resource not found
Mo-02-2023	06:44:15 ------- /socket.io/?EIO=4&transport=polling&t=OPi45Lh------GET------Resource not found
Mo-02-2023	06:44:15 ------- /socket.io/?EIO=4&transport=polling&t=OPi45Lk------GET------Resource not found
Mo-02-2023	06:44:16 ------- /socket.io/?EIO=4&transport=polling&t=OPi45b6------GET------Resource not found
Mo-02-2023	06:44:16 ------- /socket.io/?EIO=4&transport=polling&t=OPi45bE------GET------Resource not found
Mo-02-2023	06:44:16 ------- /socket.io/?EIO=4&transport=polling&t=OPi45bH------GET------Resource not found
Mo-02-2023	06:44:17 ------- /socket.io/?EIO=4&transport=polling&t=OPi45qh------GET------Resource not found
Mo-02-2023	06:44:17 ------- /socket.io/?EIO=4&transport=polling&t=OPi45qi------GET------Resource not found
Mo-02-2023	06:44:18 ------- /socket.io/?EIO=4&transport=polling&t=OPi464J------GET------Resource not found
Mo-02-2023	06:44:18 ------- /socket.io/?EIO=4&transport=polling&t=OPi464K------GET------Resource not found
Mo-02-2023	06:44:19 ------- /socket.io/?EIO=4&transport=polling&t=OPi46K9------GET------Resource not found
Mo-02-2023	06:44:20 ------- /socket.io/?EIO=4&transport=polling&t=OPi46Zh------GET------Resource not found
Mo-02-2023	06:44:20 ------- /socket.io/?EIO=4&transport=polling&t=OPi46Zi------GET------Resource not found
Mo-02-2023	06:44:20 ------- /socket.io/?EIO=4&transport=polling&t=OPi46Zj------GET------Resource not found
Mo-02-2023	06:44:21 ------- /socket.io/?EIO=4&transport=polling&t=OPi46pK------GET------Resource not found
Mo-02-2023	06:44:22 ------- /socket.io/?EIO=4&transport=polling&t=OPi4730------GET------Resource not found
Mo-02-2023	06:44:25 ------- /socket.io/?EIO=4&transport=polling&t=OPi47lI------GET------Resource not found
Mo-02-2023	06:44:25 ------- /socket.io/?EIO=4&transport=polling&t=OPi47lW------GET------Resource not found
Mo-02-2023	06:44:25 ------- /socket.io/?EIO=4&transport=polling&t=OPi47lZ------GET------Resource not found
Mo-02-2023	06:44:25 ------- /socket.io/?EIO=4&transport=polling&t=OPi47lb------GET------Resource not found
Mo-02-2023	06:44:25 ------- /socket.io/?EIO=4&transport=polling&t=OPi47oA------GET------Resource not found
Mo-02-2023	06:44:25 ------- /socket.io/?EIO=4&transport=polling&t=OPi47vm------GET------Resource not found
Mo-02-2023	06:44:25 ------- /socket.io/?EIO=4&transport=polling&t=OPi47vq------GET------Resource not found
Mo-02-2023	06:44:26 ------- /socket.io/?EIO=4&transport=polling&t=OPi4833------GET------Resource not found
Mo-02-2023	06:44:27 ------- /socket.io/?EIO=4&transport=polling&t=OPi48KH------GET------Resource not found
Mo-02-2023	06:44:27 ------- /socket.io/?EIO=4&transport=polling&t=OPi48KN------GET------Resource not found
Mo-02-2023	06:44:28 ------- /socket.io/?EIO=4&transport=polling&t=OPi48dh------GET------Resource not found
Mo-02-2023	06:44:28 ------- /socket.io/?EIO=4&transport=polling&t=OPi48ga------GET------Resource not found
Mo-02-2023	06:44:30 ------- /socket.io/?EIO=4&transport=polling&t=OPi48yq------GET------Resource not found
Mo-02-2023	06:44:31 ------- /socket.io/?EIO=4&transport=polling&t=OPi49Ep------GET------Resource not found
Mo-02-2023	06:44:32 ------- /socket.io/?EIO=4&transport=polling&t=OPi49W7------GET------Resource not found
Mo-02-2023	06:44:35 ------- /socket.io/?EIO=4&transport=polling&t=OPi4AHs------GET------Resource not found
Mo-02-2023	06:44:36 ------- /socket.io/?EIO=4&transport=polling&t=OPi4Abg------GET------Resource not found
Mo-02-2023	06:44:40 ------- /socket.io/?EIO=4&transport=polling&t=OPi4BWF------GET------Resource not found
Mo-02-2023	06:44:41 ------- /socket.io/?EIO=4&transport=polling&t=OPi4Bq1------GET------Resource not found
Mo-02-2023	06:44:44 ------- /socket.io/?EIO=4&transport=polling&t=OPi4COm------GET------Resource not found
Mo-02-2023	06:44:44 ------- /socket.io/?EIO=4&transport=polling&t=OPi4COq------GET------Resource not found
Mo-02-2023	06:44:45 ------- /socket.io/?EIO=4&transport=polling&t=OPi4CnI------GET------Resource not found
Mo-02-2023	06:44:45 ------- /socket.io/?EIO=4&transport=polling&t=OPi4Cqg------GET------Resource not found
Mo-02-2023	06:44:47 ------- /socket.io/?EIO=4&transport=polling&t=OPi4DDL------GET------Resource not found
Mo-02-2023	06:44:48 ------- /socket.io/?EIO=4&transport=polling&t=OPi4DWY------GET------Resource not found
Mo-02-2023	06:44:50 ------- /socket.io/?EIO=4&transport=polling&t=OPi4DuX------GET------Resource not found
Mo-02-2023	06:44:54 ------- /socket.io/?EIO=4&transport=polling&t=OPi4Et1------GET------Resource not found
Mo-02-2023	06:44:56 ------- /socket.io/?EIO=4&transport=polling&t=OPi4FMF------GET------Resource not found
Mo-02-2023	06:45:00 ------- /socket.io/?EIO=4&transport=polling&t=OPi4GKm------GET------Resource not found
Mo-02-2023	06:45:02 ------- /socket.io/?EIO=4&transport=polling&t=OPi4Gq0------GET------Resource not found
Mo-02-2023	06:45:06 ------- /socket.io/?EIO=4&transport=polling&t=OPi4HoQ------GET------Resource not found
Mo-02-2023	06:45:08 ------- /socket.io/?EIO=4&transport=polling&t=OPi4IHn------GET------Resource not found
Mo-02-2023	06:45:12 ------- /socket.io/?EIO=4&transport=polling&t=OPi4JG3------GET------Resource not found
Mo-02-2023	06:45:14 ------- /socket.io/?EIO=4&transport=polling&t=OPi4JlS------GET------Resource not found
Mo-02-2023	06:45:18 ------- /socket.io/?EIO=4&transport=polling&t=OPi4Kj-------GET------Resource not found
Mo-02-2023	06:45:20 ------- /socket.io/?EIO=4&transport=polling&t=OPi4LDD------GET------Resource not found
Mo-02-2023	06:45:24 ------- /socket.io/?EIO=4&transport=polling&t=OPi4MBg------GET------Resource not found
Mo-02-2023	06:45:26 ------- /socket.io/?EIO=4&transport=polling&t=OPi4Mgz------GET------Resource not found
Mo-02-2023	06:45:30 ------- /socket.io/?EIO=4&transport=polling&t=OPi4NfS------GET------Resource not found
Mo-02-2023	06:45:32 ------- /socket.io/?EIO=4&transport=polling&t=OPi4O8g------GET------Resource not found
Mo-02-2023	06:45:36 ------- /socket.io/?EIO=4&transport=polling&t=OPi4P7E------GET------Resource not found
Mo-02-2023	06:45:38 ------- /socket.io/?EIO=4&transport=polling&t=OPi4PcQ------GET------Resource not found
Mo-02-2023	06:45:42 ------- /socket.io/?EIO=4&transport=polling&t=OPi4Qaw------GET------Resource not found
Mo-02-2023	06:45:44 ------- /socket.io/?EIO=4&transport=polling&t=OPi4R46------GET------Resource not found
Mo-02-2023	06:45:48 ------- /socket.io/?EIO=4&transport=polling&t=OPi4S2x------GET------Resource not found
Mo-02-2023	06:45:50 ------- /socket.io/?EIO=4&transport=polling&t=OPi4SY1------GET------Resource not found
Mo-02-2023	06:45:54 ------- /socket.io/?EIO=4&transport=polling&t=OPi4TWZ------GET------Resource not found
Mo-02-2023	06:45:56 ------- /socket.io/?EIO=4&transport=polling&t=OPi4T_k------GET------Resource not found
Mo-02-2023	06:46:00 ------- /socket.io/?EIO=4&transport=polling&t=OPi4U-4------GET------Resource not found
Mo-02-2023	06:46:02 ------- /socket.io/?EIO=4&transport=polling&t=OPi4VTP------GET------Resource not found
Mo-02-2023	06:46:06 ------- /socket.io/?EIO=4&transport=polling&t=OPi4WRu------GET------Resource not found
Mo-02-2023	06:46:08 ------- /socket.io/?EIO=4&transport=polling&t=OPi4Wx9------GET------Resource not found
Mo-02-2023	06:46:12 ------- /socket.io/?EIO=4&transport=polling&t=OPi4Xvn------GET------Resource not found
Mo-02-2023	06:46:14 ------- /socket.io/?EIO=4&transport=polling&t=OPi4YOr------GET------Resource not found
Mo-02-2023	06:46:18 ------- /socket.io/?EIO=4&transport=polling&t=OPi4ZNJ------GET------Resource not found
Mo-02-2023	06:46:20 ------- /socket.io/?EIO=4&transport=polling&t=OPi4Zsi------GET------Resource not found
Mo-02-2023	06:46:24 ------- /socket.io/?EIO=4&transport=polling&t=OPi4arF------GET------Resource not found
Mo-02-2023	06:46:26 ------- /socket.io/?EIO=4&transport=polling&t=OPi4bKJ------GET------Resource not found
Mo-02-2023	06:46:30 ------- /socket.io/?EIO=4&transport=polling&t=OPi4cI-------GET------Resource not found
Mo-02-2023	06:46:32 ------- /socket.io/?EIO=4&transport=polling&t=OPi4co5------GET------Resource not found
Mo-02-2023	06:46:36 ------- /socket.io/?EIO=4&transport=polling&t=OPi4dmj------GET------Resource not found
Mo-02-2023	06:46:38 ------- /socket.io/?EIO=4&transport=polling&t=OPi4eFr------GET------Resource not found
Mo-02-2023	06:46:42 ------- /socket.io/?EIO=4&transport=polling&t=OPi4fEX------GET------Resource not found
Mo-02-2023	06:46:44 ------- /socket.io/?EIO=4&transport=polling&t=OPi4fjf------GET------Resource not found
Mo-02-2023	06:46:48 ------- /socket.io/?EIO=4&transport=polling&t=OPi4gi4------GET------Resource not found
Mo-02-2023	06:46:50 ------- /socket.io/?EIO=4&transport=polling&t=OPi4hBL------GET------Resource not found
Mo-02-2023	06:46:54 ------- /socket.io/?EIO=4&transport=polling&t=OPi4iA2------GET------Resource not found
Mo-02-2023	06:46:56 ------- /socket.io/?EIO=4&transport=polling&t=OPi4if7------GET------Resource not found
Mo-02-2023	06:47:00 ------- /socket.io/?EIO=4&transport=polling&t=OPi4jdl------GET------Resource not found
Mo-02-2023	06:47:02 ------- /socket.io/?EIO=4&transport=polling&t=OPi4k6z------GET------Resource not found
Mo-02-2023	06:47:06 ------- /socket.io/?EIO=4&transport=polling&t=OPi4l5R------GET------Resource not found
Mo-02-2023	06:47:08 ------- /socket.io/?EIO=4&transport=polling&t=OPi4laj------GET------Resource not found
Mo-02-2023	06:47:12 ------- /socket.io/?EIO=4&transport=polling&t=OPi4mZ9------GET------Resource not found
Mo-02-2023	06:47:14 ------- /socket.io/?EIO=4&transport=polling&t=OPi4n2K------GET------Resource not found
Mo-02-2023	06:47:18 ------- /socket.io/?EIO=4&transport=polling&t=OPi4o0t------GET------Resource not found
Mo-02-2023	06:47:20 ------- /socket.io/?EIO=4&transport=polling&t=OPi4oW8------GET------Resource not found
Mo-02-2023	06:47:24 ------- /socket.io/?EIO=4&transport=polling&t=OPi4pUi------GET------Resource not found
Mo-02-2023	06:47:26 ------- /socket.io/?EIO=4&transport=polling&t=OPi4pzx------GET------Resource not found
Mo-02-2023	06:47:30 ------- /socket.io/?EIO=4&transport=polling&t=OPi4qyT------GET------Resource not found
Mo-02-2023	06:47:32 ------- /socket.io/?EIO=4&transport=polling&t=OPi4rRb------GET------Resource not found
Mo-02-2023	06:47:36 ------- /socket.io/?EIO=4&transport=polling&t=OPi4sQ4------GET------Resource not found
Mo-02-2023	06:47:38 ------- /socket.io/?EIO=4&transport=polling&t=OPi4svX------GET------Resource not found
Mo-02-2023	06:47:42 ------- /socket.io/?EIO=4&transport=polling&t=OPi4ttz------GET------Resource not found
Mo-02-2023	06:47:44 ------- /socket.io/?EIO=4&transport=polling&t=OPi4uNA------GET------Resource not found
Mo-02-2023	06:47:48 ------- /socket.io/?EIO=4&transport=polling&t=OPi4vLn------GET------Resource not found
Mo-02-2023	06:47:50 ------- /socket.io/?EIO=4&transport=polling&t=OPi4vqv------GET------Resource not found
Mo-02-2023	06:47:52 ------- /socket.io/?EIO=4&transport=polling&t=OPi4wKN------GET------Resource not found
Mo-02-2023	06:47:52 ------- /socket.io/?EIO=4&transport=polling&t=OPi4wKQ------GET------Resource not found
Mo-02-2023	06:47:53 ------- /socket.io/?EIO=4&transport=polling&t=OPi4wWu------GET------Resource not found
Mo-02-2023	06:47:53 ------- /socket.io/?EIO=4&transport=polling&t=OPi4waB------GET------Resource not found
Mo-02-2023	06:47:53 ------- /socket.io/?EIO=4&transport=polling&t=OPi4waH------GET------Resource not found
Mo-02-2023	06:47:54 ------- /socket.io/?EIO=4&transport=polling&t=OPi4wuE------GET------Resource not found
Mo-02-2023	06:47:54 ------- /socket.io/?EIO=4&transport=polling&t=OPi4wuJ------GET------Resource not found
Mo-02-2023	06:47:55 ------- /socket.io/?EIO=4&transport=polling&t=OPi4xBT------GET------Resource not found
Mo-02-2023	06:47:56 ------- /socket.io/?EIO=4&transport=polling&t=OPi4xMg------GET------Resource not found
Mo-02-2023	06:47:56 ------- /socket.io/?EIO=4&transport=polling&t=OPi4xT-------GET------Resource not found
Mo-02-2023	06:47:58 ------- /socket.io/?EIO=4&transport=polling&t=OPi4xyB------GET------Resource not found
Mo-02-2023	06:48:01 ------- /socket.io/?EIO=4&transport=polling&t=OPi4yWj------GET------Resource not found
Mo-02-2023	06:48:02 ------- /socket.io/?EIO=4&transport=polling&t=OPi4ymJ------GET------Resource not found
Mo-02-2023	06:48:07 ------- /socket.io/?EIO=4&transport=polling&t=OPi4z-p------GET------Resource not found
Mo-02-2023	06:48:07 ------- /socket.io/?EIO=4&transport=polling&t=OPi4z-s------GET------Resource not found
Mo-02-2023	06:48:13 ------- /socket.io/?EIO=4&transport=polling&t=OPi4_Sp------GET------Resource not found
Mo-02-2023	06:48:13 ------- /socket.io/?EIO=4&transport=polling&t=OPi4_Ss------GET------Resource not found
Mo-02-2023	06:48:17 ------- /socket.io/?EIO=4&transport=polling&t=OPi50Sc------GET------Resource not found
Mo-02-2023	06:48:17 ------- /socket.io/?EIO=4&transport=polling&t=OPi50Sg------GET------Resource not found
Mo-02-2023	06:48:19 ------- /socket.io/?EIO=4&transport=polling&t=OPi50w1------GET------Resource not found
Mo-02-2023	06:48:19 ------- /socket.io/?EIO=4&transport=polling&t=OPi50w4------GET------Resource not found
Mo-02-2023	06:48:21 ------- /socket.io/?EIO=4&transport=polling&t=OPi51PP------GET------Resource not found
Mo-02-2023	06:48:22 ------- /socket.io/?EIO=4&transport=polling&t=OPi51et------GET------Resource not found
Mo-02-2023	06:48:23 ------- /socket.io/?EIO=4&transport=polling&t=OPi523A------GET------Resource not found
Mo-02-2023	06:48:25 ------- /socket.io/?EIO=4&transport=polling&t=OPi52Nt------GET------Resource not found
Mo-02-2023	06:48:29 ------- /socket.io/?EIO=4&transport=polling&t=OPi53Mg------GET------Resource not found
Mo-02-2023	06:48:31 ------- /socket.io/?EIO=4&transport=polling&t=OPi53rS------GET------Resource not found
Mo-02-2023	06:48:35 ------- /socket.io/?EIO=4&transport=polling&t=OPi54qL------GET------Resource not found
Mo-02-2023	06:48:37 ------- /socket.io/?EIO=4&transport=polling&t=OPi55JC------GET------Resource not found
Mo-02-2023	06:48:41 ------- /socket.io/?EIO=4&transport=polling&t=OPi56I3------GET------Resource not found
Mo-02-2023	06:48:43 ------- /socket.io/?EIO=4&transport=polling&t=OPi56n8------GET------Resource not found
Mo-02-2023	06:48:47 ------- /socket.io/?EIO=4&transport=polling&t=OPi57lT------GET------Resource not found
Mo-02-2023	06:48:49 ------- /socket.io/?EIO=4&transport=polling&t=OPi58El------GET------Resource not found
Mo-02-2023	06:48:53 ------- /socket.io/?EIO=4&transport=polling&t=OPi59DA------GET------Resource not found
Mo-02-2023	06:48:55 ------- /socket.io/?EIO=4&transport=polling&t=OPi59iW------GET------Resource not found
Mo-02-2023	06:48:59 ------- /socket.io/?EIO=4&transport=polling&t=OPi5Ah8------GET------Resource not found
Mo-02-2023	06:49:01 ------- /socket.io/?EIO=4&transport=polling&t=OPi5BAK------GET------Resource not found
Mo-02-2023	06:49:05 ------- /socket.io/?EIO=4&transport=polling&t=OPi5C8k------GET------Resource not found
Mo-02-2023	06:49:07 ------- /socket.io/?EIO=4&transport=polling&t=OPi5Ce8------GET------Resource not found
Mo-02-2023	06:49:11 ------- /socket.io/?EIO=4&transport=polling&t=OPi5Dcb------GET------Resource not found
Mo-02-2023	06:49:13 ------- /socket.io/?EIO=4&transport=polling&t=OPi5E5p------GET------Resource not found
Mo-02-2023	06:49:17 ------- /socket.io/?EIO=4&transport=polling&t=OPi5F4P------GET------Resource not found
Mo-02-2023	06:49:23 ------- /socket.io/?EIO=4&transport=polling&t=OPi5GY1------GET------Resource not found
Mo-02-2023	06:49:25 ------- /socket.io/?EIO=4&transport=polling&t=OPi5H1P------GET------Resource not found
Mo-02-2023	07:26:14 ------- /socket.io/?EIO=4&transport=polling&t=OPiDiKw------GET------Resource not found
Mo-02-2023	07:26:17 ------- /socket.io/?EIO=4&transport=polling&t=OPiDj3s------GET------Resource not found
Mo-02-2023	07:26:36 ------- /socket.io/?EIO=4&transport=polling&t=OPiDnij------GET------Resource not found
Mo-02-2023	07:26:39 ------- /socket.io/?EIO=4&transport=polling&t=OPiDoRS------GET------Resource not found
Mo-02-2023	07:26:42 ------- /socket.io/?EIO=4&transport=polling&t=OPiDpAV------GET------Resource not found
Mo-02-2023	07:26:45 ------- /socket.io/?EIO=4&transport=polling&t=OPiDpvD------GET------Resource not found
Mo-02-2023	07:26:48 ------- /socket.io/?EIO=4&transport=polling&t=OPiDqeF------GET------Resource not found
Mo-02-2023	07:26:51 ------- /socket.io/?EIO=4&transport=polling&t=OPiDrN9------GET------Resource not found
Mo-02-2023	07:26:54 ------- /socket.io/?EIO=4&transport=polling&t=OPiDs5u------GET------Resource not found
Mo-02-2023	07:26:57 ------- /socket.io/?EIO=4&transport=polling&t=OPiDsql------GET------Resource not found
Mo-02-2023	07:27:00 ------- /socket.io/?EIO=4&transport=polling&t=OPiDtZm------GET------Resource not found
Mo-02-2023	07:27:03 ------- /socket.io/?EIO=4&transport=polling&t=OPiDuIc------GET------Resource not found
Mo-02-2023	07:27:06 ------- /socket.io/?EIO=4&transport=polling&t=OPiDv1R------GET------Resource not found
Mo-02-2023	07:27:09 ------- /socket.io/?EIO=4&transport=polling&t=OPiDvmK------GET------Resource not found
Mo-02-2023	07:27:12 ------- /socket.io/?EIO=4&transport=polling&t=OPiDwVE------GET------Resource not found
Mo-02-2023	07:27:15 ------- /socket.io/?EIO=4&transport=polling&t=OPiDxE3------GET------Resource not found
Mo-02-2023	07:27:18 ------- /socket.io/?EIO=4&transport=polling&t=OPiDxyx------GET------Resource not found
Mo-02-2023	07:27:21 ------- /socket.io/?EIO=4&transport=polling&t=OPiDyhr------GET------Resource not found
Mo-02-2023	07:27:24 ------- /socket.io/?EIO=4&transport=polling&t=OPiDzQg------GET------Resource not found
Mo-02-2023	07:27:27 ------- /socket.io/?EIO=4&transport=polling&t=OPiD-9Y------GET------Resource not found
Mo-02-2023	07:27:30 ------- /socket.io/?EIO=4&transport=polling&t=OPiD-uK------GET------Resource not found
Mo-02-2023	07:27:33 ------- /socket.io/?EIO=4&transport=polling&t=OPiD_dP------GET------Resource not found
Mo-02-2023	07:27:36 ------- /socket.io/?EIO=4&transport=polling&t=OPiE0M3------GET------Resource not found
Mo-02-2023	07:27:39 ------- /socket.io/?EIO=4&transport=polling&t=OPiE152------GET------Resource not found
Mo-02-2023	07:27:41 ------- /socket.io/?EIO=4&transport=polling&t=OPiE1aN------GET------Resource not found
Mo-02-2023	07:27:45 ------- /socket.io/?EIO=4&transport=polling&t=OPiE2Yr------GET------Resource not found
Mo-02-2023	07:27:47 ------- /socket.io/?EIO=4&transport=polling&t=OPiE329------GET------Resource not found
Mo-02-2023	07:27:51 ------- /socket.io/?EIO=4&transport=polling&t=OPiE40e------GET------Resource not found
Mo-02-2023	07:27:53 ------- /socket.io/?EIO=4&transport=polling&t=OPiE4Vp------GET------Resource not found
Mo-02-2023	07:27:57 ------- /socket.io/?EIO=4&transport=polling&t=OPiE5UE------GET------Resource not found
Mo-02-2023	07:27:59 ------- /socket.io/?EIO=4&transport=polling&t=OPiE5zU------GET------Resource not found
Mo-02-2023	07:28:03 ------- /socket.io/?EIO=4&transport=polling&t=OPiE6xy------GET------Resource not found
Mo-02-2023	07:28:05 ------- /socket.io/?EIO=4&transport=polling&t=OPiE7RQ------GET------Resource not found
Mo-02-2023	07:28:09 ------- /socket.io/?EIO=4&transport=polling&t=OPiE8Ps------GET------Resource not found
Mo-02-2023	07:28:11 ------- /socket.io/?EIO=4&transport=polling&t=OPiE8v9------GET------Resource not found
Mo-02-2023	07:28:15 ------- /socket.io/?EIO=4&transport=polling&t=OPiE9ta------GET------Resource not found
Mo-02-2023	07:28:17 ------- /socket.io/?EIO=4&transport=polling&t=OPiEAMl------GET------Resource not found
Mo-02-2023	07:28:21 ------- /socket.io/?EIO=4&transport=polling&t=OPiEBLI------GET------Resource not found
Mo-02-2023	07:28:23 ------- /socket.io/?EIO=4&transport=polling&t=OPiEBqQ------GET------Resource not found
Mo-02-2023	07:28:27 ------- /socket.io/?EIO=4&transport=polling&t=OPiECp0------GET------Resource not found
Mo-02-2023	07:28:29 ------- /socket.io/?EIO=4&transport=polling&t=OPiEDIe------GET------Resource not found
Mo-02-2023	07:28:33 ------- /socket.io/?EIO=4&transport=polling&t=OPiEEGk------GET------Resource not found
Mo-02-2023	07:28:35 ------- /socket.io/?EIO=4&transport=polling&t=OPiEEl_------GET------Resource not found
Mo-02-2023	07:28:39 ------- /socket.io/?EIO=4&transport=polling&t=OPiEFkV------GET------Resource not found
Mo-02-2023	07:28:41 ------- /socket.io/?EIO=4&transport=polling&t=OPiEGDi------GET------Resource not found
Mo-02-2023	07:28:45 ------- /socket.io/?EIO=4&transport=polling&t=OPiEHCM------GET------Resource not found
Mo-02-2023	07:28:47 ------- /socket.io/?EIO=4&transport=polling&t=OPiEHha------GET------Resource not found
Mo-02-2023	07:28:51 ------- /socket.io/?EIO=4&transport=polling&t=OPiEIfz------GET------Resource not found
Mo-02-2023	07:28:53 ------- /socket.io/?EIO=4&transport=polling&t=OPiEJ9M------GET------Resource not found
Mo-02-2023	07:28:57 ------- /socket.io/?EIO=4&transport=polling&t=OPiEK7u------GET------Resource not found
Mo-02-2023	07:28:59 ------- /socket.io/?EIO=4&transport=polling&t=OPiEKd5------GET------Resource not found
Mo-02-2023	07:29:03 ------- /socket.io/?EIO=4&transport=polling&t=OPiELbf.0------GET------Resource not found
Mo-02-2023	07:29:05 ------- /socket.io/?EIO=4&transport=polling&t=OPiEM4u------GET------Resource not found
Mo-02-2023	07:29:09 ------- /socket.io/?EIO=4&transport=polling&t=OPiEN3L------GET------Resource not found
Mo-02-2023	07:29:11 ------- /socket.io/?EIO=4&transport=polling&t=OPiENYR------GET------Resource not found
Mo-02-2023	07:29:15 ------- /socket.io/?EIO=4&transport=polling&t=OPiEOX7.0------GET------Resource not found
Mo-02-2023	07:29:17 ------- /socket.io/?EIO=4&transport=polling&t=OPiEP0I------GET------Resource not found
Mo-02-2023	07:29:21 ------- /socket.io/?EIO=4&transport=polling&t=OPiEP-r------GET------Resource not found
Mo-02-2023	07:29:23 ------- /socket.io/?EIO=4&transport=polling&t=OPiEQU0------GET------Resource not found
Mo-02-2023	07:29:27 ------- /socket.io/?EIO=4&transport=polling&t=OPiERSf------GET------Resource not found
Mo-02-2023	07:29:29 ------- /socket.io/?EIO=4&transport=polling&t=OPiERxn------GET------Resource not found
Mo-02-2023	07:29:33 ------- /socket.io/?EIO=4&transport=polling&t=OPiESwQ------GET------Resource not found
Mo-02-2023	07:29:35 ------- /socket.io/?EIO=4&transport=polling&t=OPiETPe------GET------Resource not found
Mo-02-2023	07:29:39 ------- /socket.io/?EIO=4&transport=polling&t=OPiEUN_------GET------Resource not found
Mo-02-2023	07:29:41 ------- /socket.io/?EIO=4&transport=polling&t=OPiEUtX------GET------Resource not found
Mo-02-2023	07:29:45 ------- /socket.io/?EIO=4&transport=polling&t=OPiEVrq------GET------Resource not found
Mo-02-2023	07:29:47 ------- /socket.io/?EIO=4&transport=polling&t=OPiEWKx------GET------Resource not found
Mo-02-2023	07:29:51 ------- /socket.io/?EIO=4&transport=polling&t=OPiEXJc------GET------Resource not found
Mo-02-2023	07:29:53 ------- /socket.io/?EIO=4&transport=polling&t=OPiEXom------GET------Resource not found
Mo-02-2023	07:29:57 ------- /socket.io/?EIO=4&transport=polling&t=OPiEYnN------GET------Resource not found
Mo-02-2023	07:29:59 ------- /socket.io/?EIO=4&transport=polling&t=OPiEZGg------GET------Resource not found
Mo-02-2023	07:30:11 ------- /socket.io/?EIO=4&transport=polling&t=OPiEcC5------GET------Resource not found
Mo-02-2023	07:30:11 ------- /socket.io/?EIO=4&transport=polling&t=OPiEcC5.0------GET------Resource not found
Mo-02-2023	07:30:17 ------- /socket.io/?EIO=4&transport=polling&t=OPiEdfi------GET------Resource not found
Mo-02-2023	07:30:17 ------- /socket.io/?EIO=4&transport=polling&t=OPiEdfi.0------GET------Resource not found
Mo-02-2023	07:30:23 ------- /socket.io/?EIO=4&transport=polling&t=OPiEf7W------GET------Resource not found
Mo-02-2023	07:30:23 ------- /socket.io/?EIO=4&transport=polling&t=OPiEf7W.0------GET------Resource not found
Mo-02-2023	07:30:29 ------- /socket.io/?EIO=4&transport=polling&t=OPiEgbL------GET------Resource not found
Mo-02-2023	07:30:29 ------- /socket.io/?EIO=4&transport=polling&t=OPiEgbM------GET------Resource not found
Mo-02-2023	07:30:35 ------- /socket.io/?EIO=4&transport=polling&t=OPiEi39------GET------Resource not found
Mo-02-2023	07:30:35 ------- /socket.io/?EIO=4&transport=polling&t=OPiEi3A------GET------Resource not found
Mo-02-2023	07:30:41 ------- /socket.io/?EIO=4&transport=polling&t=OPiEjWq------GET------Resource not found
Mo-02-2023	07:30:41 ------- /socket.io/?EIO=4&transport=polling&t=OPiEjWs------GET------Resource not found
Mo-02-2023	07:30:47 ------- /socket.io/?EIO=4&transport=polling&t=OPiEk-S------GET------Resource not found
Mo-02-2023	07:30:47 ------- /socket.io/?EIO=4&transport=polling&t=OPiEk-T------GET------Resource not found
Mo-02-2023	07:30:52 ------- /socket.io/?EIO=4&transport=polling&t=OPiEmN_------GET------Resource not found
Mo-02-2023	07:30:52 ------- /socket.io/?EIO=4&transport=polling&t=OPiEmO1------GET------Resource not found
Mo-02-2023	07:30:58 ------- /socket.io/?EIO=4&transport=polling&t=OPiEngT------GET------Resource not found
Mo-02-2023	07:30:58 ------- /socket.io/?EIO=4&transport=polling&t=OPiEngU------GET------Resource not found
Mo-02-2023	07:31:04 ------- /socket.io/?EIO=4&transport=polling&t=OPiEp8I------GET------Resource not found
Mo-02-2023	07:31:04 ------- /socket.io/?EIO=4&transport=polling&t=OPiEp8M------GET------Resource not found
Mo-02-2023	07:31:10 ------- /socket.io/?EIO=4&transport=polling&t=OPiEqbr------GET------Resource not found
Mo-02-2023	07:31:10 ------- /socket.io/?EIO=4&transport=polling&t=OPiEqbw------GET------Resource not found
Mo-02-2023	07:31:16 ------- /socket.io/?EIO=4&transport=polling&t=OPiEs3i------GET------Resource not found
Mo-02-2023	07:31:16 ------- /socket.io/?EIO=4&transport=polling&t=OPiEs46------GET------Resource not found
Mo-02-2023	07:31:22 ------- /socket.io/?EIO=4&transport=polling&t=OPiEtXP------GET------Resource not found
Mo-02-2023	07:31:22 ------- /socket.io/?EIO=4&transport=polling&t=OPiEtXT------GET------Resource not found
Mo-02-2023	07:31:28 ------- /socket.io/?EIO=4&transport=polling&t=OPiEu_E------GET------Resource not found
Mo-02-2023	07:31:28 ------- /socket.io/?EIO=4&transport=polling&t=OPiEu_L------GET------Resource not found
Mo-02-2023	07:31:34 ------- /socket.io/?EIO=4&transport=polling&t=OPiEwSt------GET------Resource not found
Mo-02-2023	07:31:34 ------- /socket.io/?EIO=4&transport=polling&t=OPiEwS-------GET------Resource not found
Mo-02-2023	07:31:40 ------- /socket.io/?EIO=4&transport=polling&t=OPiExwo------GET------Resource not found
Mo-02-2023	07:31:40 ------- /socket.io/?EIO=4&transport=polling&t=OPiExwr------GET------Resource not found
Mo-02-2023	07:31:46 ------- /socket.io/?EIO=4&transport=polling&t=OPiEzOV------GET------Resource not found
Mo-02-2023	07:31:46 ------- /socket.io/?EIO=4&transport=polling&t=OPiEzOX------GET------Resource not found
Mo-02-2023	07:31:52 ------- /socket.io/?EIO=4&transport=polling&t=OPiE-sA------GET------Resource not found
Mo-02-2023	07:31:52 ------- /socket.io/?EIO=4&transport=polling&t=OPiE-sD------GET------Resource not found
Mo-02-2023	07:31:58 ------- /socket.io/?EIO=4&transport=polling&t=OPiF0Jr------GET------Resource not found
Mo-02-2023	07:31:58 ------- /socket.io/?EIO=4&transport=polling&t=OPiF0Js------GET------Resource not found
Mo-02-2023	07:32:04 ------- /socket.io/?EIO=4&transport=polling&t=OPiF1no------GET------Resource not found
Mo-02-2023	07:32:04 ------- /socket.io/?EIO=4&transport=polling&t=OPiF1no.0------GET------Resource not found
Mo-02-2023	07:32:10 ------- /socket.io/?EIO=4&transport=polling&t=OPiF3FX------GET------Resource not found
Mo-02-2023	07:32:10 ------- /socket.io/?EIO=4&transport=polling&t=OPiF3FX.0------GET------Resource not found
Mo-02-2023	07:32:16 ------- /socket.io/?EIO=4&transport=polling&t=OPiF4jC------GET------Resource not found
Mo-02-2023	07:32:16 ------- /socket.io/?EIO=4&transport=polling&t=OPiF4jE------GET------Resource not found
Mo-02-2023	07:32:22 ------- /socket.io/?EIO=4&transport=polling&t=OPiF6B4------GET------Resource not found
Mo-02-2023	07:32:22 ------- /socket.io/?EIO=4&transport=polling&t=OPiF6B5------GET------Resource not found
Mo-02-2023	07:32:28 ------- /socket.io/?EIO=4&transport=polling&t=OPiF7eZ------GET------Resource not found
Mo-02-2023	07:32:28 ------- /socket.io/?EIO=4&transport=polling&t=OPiF7eb------GET------Resource not found
Mo-02-2023	07:32:34 ------- /socket.io/?EIO=4&transport=polling&t=OPiF96U------GET------Resource not found
Mo-02-2023	07:32:34 ------- /socket.io/?EIO=4&transport=polling&t=OPiF96X------GET------Resource not found
Mo-02-2023	07:32:40 ------- /socket.io/?EIO=4&transport=polling&t=OPiFAa7------GET------Resource not found
Mo-02-2023	07:32:40 ------- /socket.io/?EIO=4&transport=polling&t=OPiFAaA------GET------Resource not found
Mo-02-2023	07:32:46 ------- /socket.io/?EIO=4&transport=polling&t=OPiFC1z------GET------Resource not found
Mo-02-2023	07:32:46 ------- /socket.io/?EIO=4&transport=polling&t=OPiFC20------GET------Resource not found
Mo-02-2023	07:32:52 ------- /socket.io/?EIO=4&transport=polling&t=OPiFDVh------GET------Resource not found
Mo-02-2023	07:32:52 ------- /socket.io/?EIO=4&transport=polling&t=OPiFDVj------GET------Resource not found
Mo-02-2023	07:33:30 ------- /socket.io/?EIO=4&transport=polling&t=OPiFMnV------GET------Resource not found
Mo-02-2023	07:33:30 ------- /socket.io/?EIO=4&transport=polling&t=OPiFMnW------GET------Resource not found
Mo-02-2023	07:33:36 ------- /socket.io/?EIO=4&transport=polling&t=OPiFOFD------GET------Resource not found
Mo-02-2023	07:33:36 ------- /socket.io/?EIO=4&transport=polling&t=OPiFOFH------GET------Resource not found
Mo-02-2023	07:33:42 ------- /socket.io/?EIO=4&transport=polling&t=OPiFPiy------GET------Resource not found
Mo-02-2023	07:33:42 ------- /socket.io/?EIO=4&transport=polling&t=OPiFPiz------GET------Resource not found
Mo-02-2023	07:33:48 ------- /socket.io/?EIO=4&transport=polling&t=OPiFRAm------GET------Resource not found
Mo-02-2023	07:33:48 ------- /socket.io/?EIO=4&transport=polling&t=OPiFRAn------GET------Resource not found
Mo-02-2023	07:33:54 ------- /socket.io/?EIO=4&transport=polling&t=OPiFSeR------GET------Resource not found
Mo-02-2023	07:33:54 ------- /socket.io/?EIO=4&transport=polling&t=OPiFSeT------GET------Resource not found
Mo-02-2023	07:34:00 ------- /socket.io/?EIO=4&transport=polling&t=OPiFU6A------GET------Resource not found
Mo-02-2023	07:34:00 ------- /socket.io/?EIO=4&transport=polling&t=OPiFU6A.0------GET------Resource not found
Mo-02-2023	07:34:06 ------- /socket.io/?EIO=4&transport=polling&t=OPiFVa1------GET------Resource not found
Mo-02-2023	07:34:06 ------- /socket.io/?EIO=4&transport=polling&t=OPiFVa2------GET------Resource not found
Mo-02-2023	07:34:12 ------- /socket.io/?EIO=4&transport=polling&t=OPiFX1j------GET------Resource not found
Mo-02-2023	07:34:12 ------- /socket.io/?EIO=4&transport=polling&t=OPiFX1k------GET------Resource not found
Mo-02-2023	07:34:18 ------- /socket.io/?EIO=4&transport=polling&t=OPiFYVY------GET------Resource not found
Mo-02-2023	07:34:18 ------- /socket.io/?EIO=4&transport=polling&t=OPiFYVm------GET------Resource not found
Mo-02-2023	07:34:24 ------- /socket.io/?EIO=4&transport=polling&t=OPiFZzE------GET------Resource not found
Mo-02-2023	07:34:24 ------- /socket.io/?EIO=4&transport=polling&t=OPiFZzF------GET------Resource not found
Mo-02-2023	07:34:30 ------- /socket.io/?EIO=4&transport=polling&t=OPiFbQx------GET------Resource not found
Mo-02-2023	07:34:30 ------- /socket.io/?EIO=4&transport=polling&t=OPiFbQy------GET------Resource not found
Mo-02-2023	07:34:36 ------- /socket.io/?EIO=4&transport=polling&t=OPiFcuf------GET------Resource not found
Mo-02-2023	07:34:36 ------- /socket.io/?EIO=4&transport=polling&t=OPiFcuh------GET------Resource not found
Mo-02-2023	07:34:42 ------- /socket.io/?EIO=4&transport=polling&t=OPiFeMV------GET------Resource not found
Mo-02-2023	07:34:42 ------- /socket.io/?EIO=4&transport=polling&t=OPiFeMW------GET------Resource not found
Mo-02-2023	07:34:48 ------- /socket.io/?EIO=4&transport=polling&t=OPiFfqA------GET------Resource not found
Mo-02-2023	07:34:48 ------- /socket.io/?EIO=4&transport=polling&t=OPiFfqC------GET------Resource not found
Mo-02-2023	07:34:54 ------- /socket.io/?EIO=4&transport=polling&t=OPiFhHx------GET------Resource not found
Mo-02-2023	07:34:54 ------- /socket.io/?EIO=4&transport=polling&t=OPiFhHy------GET------Resource not found
Mo-02-2023	07:35:00 ------- /socket.io/?EIO=4&transport=polling&t=OPiFilm------GET------Resource not found
Mo-02-2023	07:35:00 ------- /socket.io/?EIO=4&transport=polling&t=OPiFiln------GET------Resource not found
Mo-02-2023	07:35:06 ------- /socket.io/?EIO=4&transport=polling&t=OPiFkDO------GET------Resource not found
Mo-02-2023	07:35:06 ------- /socket.io/?EIO=4&transport=polling&t=OPiFkDP------GET------Resource not found
Mo-02-2023	07:35:12 ------- /socket.io/?EIO=4&transport=polling&t=OPiFlhC------GET------Resource not found
Mo-02-2023	07:35:12 ------- /socket.io/?EIO=4&transport=polling&t=OPiFlhD------GET------Resource not found
Mo-02-2023	07:35:18 ------- /socket.io/?EIO=4&transport=polling&t=OPiFn8x------GET------Resource not found
Mo-02-2023	07:35:18 ------- /socket.io/?EIO=4&transport=polling&t=OPiFn8y------GET------Resource not found
Mo-02-2023	07:35:24 ------- /socket.io/?EIO=4&transport=polling&t=OPiFoci------GET------Resource not found
Mo-02-2023	07:35:24 ------- /socket.io/?EIO=4&transport=polling&t=OPiFock------GET------Resource not found
Mo-02-2023	07:35:30 ------- /socket.io/?EIO=4&transport=polling&t=OPiFq4W------GET------Resource not found
Mo-02-2023	07:35:30 ------- /socket.io/?EIO=4&transport=polling&t=OPiFq4X------GET------Resource not found
Mo-02-2023	07:35:36 ------- /socket.io/?EIO=4&transport=polling&t=OPiFrYJ------GET------Resource not found
Mo-02-2023	07:35:36 ------- /socket.io/?EIO=4&transport=polling&t=OPiFrYN------GET------Resource not found
Mo-02-2023	07:35:42 ------- /socket.io/?EIO=4&transport=polling&t=OPiFt06------GET------Resource not found
Mo-02-2023	07:35:42 ------- /socket.io/?EIO=4&transport=polling&t=OPiFt08------GET------Resource not found
Mo-02-2023	07:35:48 ------- /socket.io/?EIO=4&transport=polling&t=OPiFuTj------GET------Resource not found
Mo-02-2023	07:35:48 ------- /socket.io/?EIO=4&transport=polling&t=OPiFuTj.0------GET------Resource not found
Mo-02-2023	07:35:54 ------- /socket.io/?EIO=4&transport=polling&t=OPiFvxS------GET------Resource not found
Mo-02-2023	07:35:54 ------- /socket.io/?EIO=4&transport=polling&t=OPiFvxV------GET------Resource not found
Mo-02-2023	07:36:00 ------- /socket.io/?EIO=4&transport=polling&t=OPiFxP9------GET------Resource not found
Mo-02-2023	07:36:00 ------- /socket.io/?EIO=4&transport=polling&t=OPiFxPB------GET------Resource not found
Mo-02-2023	07:36:06 ------- /socket.io/?EIO=4&transport=polling&t=OPiFysw------GET------Resource not found
Mo-02-2023	07:36:06 ------- /socket.io/?EIO=4&transport=polling&t=OPiFysy------GET------Resource not found
Mo-02-2023	07:36:12 ------- /socket.io/?EIO=4&transport=polling&t=OPiF-Ki------GET------Resource not found
Mo-02-2023	07:36:12 ------- /socket.io/?EIO=4&transport=polling&t=OPiF-Kj------GET------Resource not found
Mo-02-2023	07:36:18 ------- /socket.io/?EIO=4&transport=polling&t=OPiF_oM------GET------Resource not found
Mo-02-2023	07:36:18 ------- /socket.io/?EIO=4&transport=polling&t=OPiF_oO------GET------Resource not found
Mo-02-2023	07:36:24 ------- /socket.io/?EIO=4&transport=polling&t=OPiG1GF------GET------Resource not found
Mo-02-2023	07:36:24 ------- /socket.io/?EIO=4&transport=polling&t=OPiG1GJ------GET------Resource not found
Mo-02-2023	07:36:28 ------- /socket.io/?EIO=4&transport=polling&t=OPiG2Ek------GET------Resource not found
Mo-02-2023	07:36:28 ------- /socket.io/?EIO=4&transport=polling&t=OPiG2El------GET------Resource not found
Mo-02-2023	07:36:30 ------- /socket.io/?EIO=4&transport=polling&t=OPiG2k8------GET------Resource not found
Mo-02-2023	07:36:30 ------- /socket.io/?EIO=4&transport=polling&t=OPiG2kE------GET------Resource not found
Mo-02-2023	07:36:30 ------- /socket.io/?EIO=4&transport=polling&t=OPiG2kI------GET------Resource not found
Mo-02-2023	07:36:30 ------- /socket.io/?EIO=4&transport=polling&t=OPiG2kP------GET------Resource not found
Mo-02-2023	07:36:32 ------- /socket.io/?EIO=4&transport=polling&t=OPiG3D5------GET------Resource not found
Mo-02-2023	07:36:33 ------- /socket.io/?EIO=4&transport=polling&t=OPiG3Qa------GET------Resource not found
Mo-02-2023	07:36:35 ------- /socket.io/?EIO=4&transport=polling&t=OPiG3yl------GET------Resource not found
Mo-02-2023	07:36:35 ------- /socket.io/?EIO=4&transport=polling&t=OPiG3yq------GET------Resource not found
Mo-02-2023	07:36:39 ------- /socket.io/?EIO=4&transport=polling&t=OPiG4za------GET------Resource not found
Mo-02-2023	07:36:39 ------- /socket.io/?EIO=4&transport=polling&t=OPiG4zd------GET------Resource not found
Mo-02-2023	07:36:40 ------- /socket.io/?EIO=4&transport=polling&t=OPiG5KB------GET------Resource not found
Mo-02-2023	07:36:41 ------- /socket.io/?EIO=4&transport=polling&t=OPiG5Q5------GET------Resource not found
Mo-02-2023	07:36:43 ------- /socket.io/?EIO=4&transport=polling&t=OPiG5us------GET------Resource not found
Mo-02-2023	07:36:43 ------- /socket.io/?EIO=4&transport=polling&t=OPiG5us.0------GET------Resource not found
Mo-02-2023	07:36:46 ------- /socket.io/?EIO=4&transport=polling&t=OPiG6d-------GET------Resource not found
Mo-02-2023	07:36:48 ------- /socket.io/?EIO=4&transport=polling&t=OPiG773------GET------Resource not found
Mo-02-2023	07:36:52 ------- /socket.io/?EIO=4&transport=polling&t=OPiG85h------GET------Resource not found
Mo-02-2023	07:36:54 ------- /socket.io/?EIO=4&transport=polling&t=OPiG8a_------GET------Resource not found
Mo-02-2023	07:36:58 ------- /socket.io/?EIO=4&transport=polling&t=OPiG9Zd------GET------Resource not found
Mo-02-2023	07:37:00 ------- /socket.io/?EIO=4&transport=polling&t=OPiGA2c------GET------Resource not found
Mo-02-2023	07:37:04 ------- /socket.io/?EIO=4&transport=polling&t=OPiGB1V------GET------Resource not found
Mo-02-2023	07:37:06 ------- /socket.io/?EIO=4&transport=polling&t=OPiGBWW------GET------Resource not found
Mo-02-2023	07:37:34 ------- /socket.io/?EIO=4&transport=polling&t=OPiGILu------GET------Resource not found
Mo-02-2023	07:37:34 ------- /socket.io/?EIO=4&transport=polling&t=OPiGILv------GET------Resource not found
Mo-02-2023	07:37:40 ------- /socket.io/?EIO=4&transport=polling&t=OPiGJpn------GET------Resource not found
Mo-02-2023	07:37:40 ------- /socket.io/?EIO=4&transport=polling&t=OPiGJq1------GET------Resource not found
Mo-02-2023	07:37:46 ------- /socket.io/?EIO=4&transport=polling&t=OPiGLHO------GET------Resource not found
Mo-02-2023	07:37:46 ------- /socket.io/?EIO=4&transport=polling&t=OPiGLHQ------GET------Resource not found
Mo-02-2023	07:37:52 ------- /socket.io/?EIO=4&transport=polling&t=OPiGMlA------GET------Resource not found
Mo-02-2023	07:37:52 ------- /socket.io/?EIO=4&transport=polling&t=OPiGMlS------GET------Resource not found
Mo-02-2023	07:37:58 ------- /socket.io/?EIO=4&transport=polling&t=OPiGOD1------GET------Resource not found
Mo-02-2023	07:37:58 ------- /socket.io/?EIO=4&transport=polling&t=OPiGODH------GET------Resource not found
Mo-02-2023	07:38:04 ------- /socket.io/?EIO=4&transport=polling&t=OPiGPgy------GET------Resource not found
Mo-02-2023	07:38:04 ------- /socket.io/?EIO=4&transport=polling&t=OPiGPgz------GET------Resource not found
Mo-02-2023	07:38:10 ------- /socket.io/?EIO=4&transport=polling&t=OPiGR8R------GET------Resource not found
Mo-02-2023	07:38:10 ------- /socket.io/?EIO=4&transport=polling&t=OPiGR8S------GET------Resource not found
Mo-02-2023	07:38:16 ------- /socket.io/?EIO=4&transport=polling&t=OPiGSc7------GET------Resource not found
Mo-02-2023	07:38:16 ------- /socket.io/?EIO=4&transport=polling&t=OPiGSc8------GET------Resource not found
Mo-02-2023	07:38:22 ------- /socket.io/?EIO=4&transport=polling&t=OPiGU3p------GET------Resource not found
Mo-02-2023	07:38:22 ------- /socket.io/?EIO=4&transport=polling&t=OPiGU3q------GET------Resource not found
Mo-02-2023	07:38:28 ------- /socket.io/?EIO=4&transport=polling&t=OPiGVXd------GET------Resource not found
Mo-02-2023	07:38:28 ------- /socket.io/?EIO=4&transport=polling&t=OPiGVXh------GET------Resource not found
Mo-02-2023	07:38:29 ------- /socket.io/?EIO=4&transport=polling&t=OPiGVlM------GET------Resource not found
Mo-02-2023	07:38:29 ------- /socket.io/?EIO=4&transport=polling&t=OPiGVlQ------GET------Resource not found
Mo-02-2023	07:38:30 ------- /socket.io/?EIO=4&transport=polling&t=OPiGV_j------GET------Resource not found
Mo-02-2023	07:38:30 ------- /socket.io/?EIO=4&transport=polling&t=OPiGW3r------GET------Resource not found
Mo-02-2023	07:38:31 ------- /socket.io/?EIO=4&transport=polling&t=OPiGWLl------GET------Resource not found
Mo-02-2023	07:38:32 ------- /socket.io/?EIO=4&transport=polling&t=OPiGWYk------GET------Resource not found
Mo-02-2023	07:38:32 ------- /socket.io/?EIO=4&transport=polling&t=OPiGWYo------GET------Resource not found
Mo-02-2023	07:38:33 ------- /socket.io/?EIO=4&transport=polling&t=OPiGWwA------GET------Resource not found
Mo-02-2023	07:38:34 ------- /socket.io/?EIO=4&transport=polling&t=OPiGW_U------GET------Resource not found
Mo-02-2023	07:38:35 ------- /socket.io/?EIO=4&transport=polling&t=OPiGXI4------GET------Resource not found
Mo-02-2023	07:38:36 ------- /socket.io/?EIO=4&transport=polling&t=OPiGXRn------GET------Resource not found
Mo-02-2023	07:38:41 ------- /socket.io/?EIO=4&transport=polling&t=OPiGYiw------GET------Resource not found
Mo-02-2023	07:38:41 ------- /socket.io/?EIO=4&transport=polling&t=OPiGYix------GET------Resource not found
Mo-02-2023	07:38:46 ------- /socket.io/?EIO=4&transport=polling&t=OPiGa4U------GET------Resource not found
Mo-02-2023	07:38:46 ------- /socket.io/?EIO=4&transport=polling&t=OPiGa4V------GET------Resource not found
Mo-02-2023	07:46:32 ------- /static/media/home.fb5bcaf9d99428d41e94.mp4------GET------Resource not found
Mo-02-2023	07:46:35 ------- /favicon.ico------GET------Resource not found
Mo-02-2023	11:26:26 ------- /api/v1------GET------Resource not found
Mo-02-2023	11:26:27 ------- /api/v1------GET------Resource not found
Mo-02-2023	11:26:28 ------- /api/v1------GET------Resource not found
Mo-02-2023	11:26:28 ------- /api/v1------GET------Resource not found
Mo-02-2023	11:26:28 ------- /api/v1------GET------Resource not found
Mo-02-2023	11:26:28 ------- /api/v1------GET------Resource not found
Mo-02-2023	11:35:31 ------- /socket.io/?EIO=4&transport=polling&t=OPj6m4H------GET------Resource not found
Mo-02-2023	11:35:32 ------- /socket.io/?EIO=4&transport=polling&t=OPj6mLs------GET------Resource not found
Mo-02-2023	11:35:34 ------- /socket.io/?EIO=4&transport=polling&t=OPj6mgr------GET------Resource not found
Mo-02-2023	11:35:36 ------- /socket.io/?EIO=4&transport=polling&t=OPj6nLe------GET------Resource not found
Mo-02-2023	11:35:41 ------- /socket.io/?EIO=4&transport=polling&t=OPj6oa4------GET------Resource not found
Mo-02-2023	11:35:46 ------- /socket.io/?EIO=4&transport=polling&t=OPj6poS------GET------Resource not found
Mo-02-2023	11:35:52 ------- /socket.io/?EIO=4&transport=polling&t=OPj6r0-------GET------Resource not found
Mo-02-2023	11:36:05 ------- /socket.io/?EIO=4&transport=polling&t=OPj6u2O------GET------Resource not found
Mo-02-2023	11:36:10 ------- /socket.io/?EIO=4&transport=polling&t=OPj6vY2------GET------Resource not found
Mo-02-2023	11:36:15 ------- /socket.io/?EIO=4&transport=polling&t=OPj6wmN------GET------Resource not found
Mo-02-2023	11:36:20 ------- /socket.io/?EIO=4&transport=polling&t=OPj6x-e------GET------Resource not found
Mo-02-2023	11:36:27 ------- /socket.io/?EIO=4&transport=polling&t=OPj6zam------GET------Resource not found
Mo-02-2023	11:36:27 ------- /socket.io/?EIO=4&transport=polling&t=OPj6zcH------GET------Resource not found
Mo-02-2023	11:36:28 ------- /socket.io/?EIO=4&transport=polling&t=OPj6zym------GET------Resource not found
Mo-02-2023	11:36:29 ------- /socket.io/?EIO=4&transport=polling&t=OPj6-6F------GET------Resource not found
Mo-02-2023	11:36:30 ------- /socket.io/?EIO=4&transport=polling&t=OPj6-Xm------GET------Resource not found
Mo-02-2023	11:36:31 ------- /socket.io/?EIO=4&transport=polling&t=OPj6-bO------GET------Resource not found
Mo-02-2023	11:36:34 ------- /socket.io/?EIO=4&transport=polling&t=OPj6_OB------GET------Resource not found
Mo-02-2023	11:36:37 ------- /socket.io/?EIO=4&transport=polling&t=OPj703N------GET------Resource not found
Mo-02-2023	11:36:39 ------- /socket.io/?EIO=4&transport=polling&t=OPj70cY------GET------Resource not found
Mo-02-2023	11:36:43 ------- /socket.io/?EIO=4&transport=polling&t=OPj71X1------GET------Resource not found
Mo-02-2023	11:36:44 ------- /socket.io/?EIO=4&transport=polling&t=OPj71r9------GET------Resource not found
Mo-02-2023	11:36:49 ------- /socket.io/?EIO=4&transport=polling&t=OPj72-p------GET------Resource not found
Mo-02-2023	11:36:49 ------- /socket.io/?EIO=4&transport=polling&t=OPj733Q------GET------Resource not found
Mo-02-2023	11:36:54 ------- /socket.io/?EIO=4&transport=polling&t=OPj74He------GET------Resource not found
Mo-02-2023	11:36:55 ------- /socket.io/?EIO=4&transport=polling&t=OPj74SS------GET------Resource not found
Mo-02-2023	11:36:57 ------- /socket.io/?EIO=4&transport=polling&t=OPj755_------GET------Resource not found
Mo-02-2023	11:36:58 ------- /socket.io/?EIO=4&transport=polling&t=OPj75Nd------GET------Resource not found
Mo-02-2023	11:37:00 ------- /socket.io/?EIO=4&transport=polling&t=OPj75t2------GET------Resource not found
Mo-02-2023	11:37:01 ------- /socket.io/?EIO=4&transport=polling&t=OPj75wG------GET------Resource not found
Mo-02-2023	11:37:06 ------- /socket.io/?EIO=4&transport=polling&t=OPj775S------GET------Resource not found
Mo-02-2023	11:37:07 ------- /socket.io/?EIO=4&transport=polling&t=OPj77N-------GET------Resource not found
Mo-02-2023	11:37:11 ------- /socket.io/?EIO=4&transport=polling&t=OPj78Jn------GET------Resource not found
Mo-02-2023	11:37:13 ------- /socket.io/?EIO=4&transport=polling&t=OPj78rl------GET------Resource not found
Mo-02-2023	11:37:16 ------- /socket.io/?EIO=4&transport=polling&t=OPj79X_------GET------Resource not found
Mo-02-2023	11:37:19 ------- /socket.io/?EIO=4&transport=polling&t=OPj7AJc------GET------Resource not found
Mo-02-2023	11:37:21 ------- /socket.io/?EIO=4&transport=polling&t=OPj7AmL------GET------Resource not found
Mo-02-2023	11:37:25 ------- /socket.io/?EIO=4&transport=polling&t=OPj7BnC------GET------Resource not found
Mo-02-2023	11:37:26 ------- /socket.io/?EIO=4&transport=polling&t=OPj7B-k------GET------Resource not found
Mo-02-2023	11:37:31 ------- /socket.io/?EIO=4&transport=polling&t=OPj7DD3------GET------Resource not found
Mo-02-2023	11:37:31 ------- /socket.io/?EIO=4&transport=polling&t=OPj7DF0------GET------Resource not found
Mo-02-2023	11:37:36 ------- /socket.io/?EIO=4&transport=polling&t=OPj7ERT------GET------Resource not found
Mo-02-2023	11:37:37 ------- /socket.io/?EIO=4&transport=polling&t=OPj7Eil------GET------Resource not found
Mo-02-2023	11:37:41 ------- /socket.io/?EIO=4&transport=polling&t=OPj7Ffz------GET------Resource not found
Mo-02-2023	11:37:43 ------- /socket.io/?EIO=4&transport=polling&t=OPj7GAc------GET------Resource not found
Mo-02-2023	11:37:46 ------- /socket.io/?EIO=4&transport=polling&t=OPj7GuH------GET------Resource not found
Mo-02-2023	11:37:49 ------- /socket.io/?EIO=4&transport=polling&t=OPj7HeM------GET------Resource not found
Mo-02-2023	11:37:55 ------- /socket.io/?EIO=4&transport=polling&t=OPj7J65------GET------Resource not found
Mo-02-2023	11:38:01 ------- /socket.io/?EIO=4&transport=polling&t=OPj7KZo------GET------Resource not found
Mo-02-2023	11:38:07 ------- /socket.io/?EIO=4&transport=polling&t=OPj7M1R------GET------Resource not found
Mo-02-2023	11:38:13 ------- /socket.io/?EIO=4&transport=polling&t=OPj7NVK------GET------Resource not found
Mo-02-2023	11:38:19 ------- /socket.io/?EIO=4&transport=polling&t=OPj7Oz0------GET------Resource not found
Mo-02-2023	11:38:25 ------- /socket.io/?EIO=4&transport=polling&t=OPj7QQq------GET------Resource not found
Mo-02-2023	11:38:31 ------- /socket.io/?EIO=4&transport=polling&t=OPj7RuT------GET------Resource not found
Mo-02-2023	11:38:37 ------- /socket.io/?EIO=4&transport=polling&t=OPj7TME------GET------Resource not found
Mo-02-2023	11:38:43 ------- /socket.io/?EIO=4&transport=polling&t=OPj7Uq6------GET------Resource not found
Mo-02-2023	11:38:49 ------- /socket.io/?EIO=4&transport=polling&t=OPj7WHl------GET------Resource not found
Mo-02-2023	11:38:55 ------- /socket.io/?EIO=4&transport=polling&t=OPj7XlQ------GET------Resource not found
Mo-02-2023	11:39:01 ------- /socket.io/?EIO=4&transport=polling&t=OPj7ZD9------GET------Resource not found
Mo-02-2023	11:39:07 ------- /socket.io/?EIO=4&transport=polling&t=OPj7agz------GET------Resource not found
Mo-02-2023	11:39:13 ------- /socket.io/?EIO=4&transport=polling&t=OPj7c8h------GET------Resource not found
Mo-02-2023	11:39:19 ------- /socket.io/?EIO=4&transport=polling&t=OPj7dcT------GET------Resource not found
Mo-02-2023	11:39:25 ------- /socket.io/?EIO=4&transport=polling&t=OPj7f4b------GET------Resource not found
Mo-02-2023	11:39:31 ------- /socket.io/?EIO=4&transport=polling&t=OPj7gYC------GET------Resource not found
Mo-02-2023	11:39:37 ------- /socket.io/?EIO=4&transport=polling&t=OPj7i02------GET------Resource not found
Mo-02-2023	11:39:43 ------- /socket.io/?EIO=4&transport=polling&t=OPj7jTq------GET------Resource not found
Mo-02-2023	11:39:49 ------- /socket.io/?EIO=4&transport=polling&t=OPj7kxD------GET------Resource not found
Mo-02-2023	11:39:55 ------- /socket.io/?EIO=4&transport=polling&t=OPj7mOy------GET------Resource not found
Mo-02-2023	11:40:01 ------- /socket.io/?EIO=4&transport=polling&t=OPj7nsd------GET------Resource not found
Mo-02-2023	11:40:07 ------- /socket.io/?EIO=4&transport=polling&t=OPj7pKY------GET------Resource not found
Mo-02-2023	11:40:13 ------- /socket.io/?EIO=4&transport=polling&t=OPj7qoM------GET------Resource not found
Mo-02-2023	11:40:19 ------- /socket.io/?EIO=4&transport=polling&t=OPj7sF-------GET------Resource not found
Mo-02-2023	11:40:25 ------- /socket.io/?EIO=4&transport=polling&t=OPj7tji------GET------Resource not found
Mo-02-2023	11:40:31 ------- /socket.io/?EIO=4&transport=polling&t=OPj7vBO------GET------Resource not found
Mo-02-2023	11:40:37 ------- /socket.io/?EIO=4&transport=polling&t=OPj7wfI------GET------Resource not found
Mo-02-2023	11:40:43 ------- /socket.io/?EIO=4&transport=polling&t=OPj7y74------GET------Resource not found
Mo-02-2023	11:40:49 ------- /socket.io/?EIO=4&transport=polling&t=OPj7zau------GET------Resource not found
Mo-02-2023	11:40:55 ------- /socket.io/?EIO=4&transport=polling&t=OPj7_2Q------GET------Resource not found
Mo-02-2023	11:41:01 ------- /socket.io/?EIO=4&transport=polling&t=OPj80WG------GET------Resource not found
Mo-02-2023	11:41:07 ------- /socket.io/?EIO=4&transport=polling&t=OPj81zu------GET------Resource not found
Mo-02-2023	11:41:13 ------- /socket.io/?EIO=4&transport=polling&t=OPj83Rp------GET------Resource not found
Mo-02-2023	11:41:19 ------- /socket.io/?EIO=4&transport=polling&t=OPj84vb------GET------Resource not found
Mo-02-2023	11:41:25 ------- /socket.io/?EIO=4&transport=polling&t=OPj86NC------GET------Resource not found
Mo-02-2023	11:41:31 ------- /socket.io/?EIO=4&transport=polling&t=OPj87r2------GET------Resource not found
Mo-02-2023	11:41:37 ------- /socket.io/?EIO=4&transport=polling&t=OPj89Ig------GET------Resource not found
Mo-02-2023	11:41:43 ------- /socket.io/?EIO=4&transport=polling&t=OPj8AmY------GET------Resource not found
Mo-02-2023	11:41:49 ------- /socket.io/?EIO=4&transport=polling&t=OPj8CEG------GET------Resource not found
Mo-02-2023	11:41:55 ------- /socket.io/?EIO=4&transport=polling&t=OPj8Di5------GET------Resource not found
Mo-02-2023	11:42:01 ------- /socket.io/?EIO=4&transport=polling&t=OPj8F9r------GET------Resource not found
Mo-02-2023	11:42:07 ------- /socket.io/?EIO=4&transport=polling&t=OPj8Gdc------GET------Resource not found
Mo-02-2023	11:42:13 ------- /socket.io/?EIO=4&transport=polling&t=OPj8I5A------GET------Resource not found
Mo-02-2023	11:42:19 ------- /socket.io/?EIO=4&transport=polling&t=OPj8JZ5------GET------Resource not found
Mo-02-2023	11:42:25 ------- /socket.io/?EIO=4&transport=polling&t=OPj8L0e------GET------Resource not found
Mo-02-2023	11:42:31 ------- /socket.io/?EIO=4&transport=polling&t=OPj8MUc------GET------Resource not found
Mo-02-2023	11:42:37 ------- /socket.io/?EIO=4&transport=polling&t=OPj8NyF------GET------Resource not found
Mo-02-2023	11:42:43 ------- /socket.io/?EIO=4&transport=polling&t=OPj8PPy------GET------Resource not found
Mo-02-2023	11:42:49 ------- /socket.io/?EIO=4&transport=polling&t=OPj8Qth------GET------Resource not found
Mo-02-2023	11:42:55 ------- /socket.io/?EIO=4&transport=polling&t=OPj8SLd------GET------Resource not found
Mo-02-2023	11:43:01 ------- /socket.io/?EIO=4&transport=polling&t=OPj8TpI------GET------Resource not found
Mo-02-2023	11:43:07 ------- /socket.io/?EIO=4&transport=polling&t=OPj8VGy------GET------Resource not found
Fr-02-2023	08:40:43 ------- /api/v1------GET------Resource not found
Fr-02-2023	08:40:44 ------- /api/v1------GET------Resource not found
Fr-02-2023	08:40:44 ------- /api/v1------GET------Resource not found
Fr-02-2023	08:40:45 ------- /api/v1------GET------Resource not found
Fr-02-2023	08:40:45 ------- /api/v1------GET------Resource not found
Fr-02-2023	08:40:45 ------- /api/v1------GET------Resource not found
